<?xml version="1.0" encoding="UTF-8"?>
<!-- Generated by org.testng.reporters.JUnitReportReporter -->
<testsuite hostname="Srabani" failures="0" tests="1" name="com.inetbanking.testcases.LoginPageTest" time="16.853" errors="0" timestamp="2024-04-24T00:16:36 IST" skipped="0">
  <testcase classname="com.inetbanking.testcases.LoginPageTest" name="LoginTest" time="16.853"/>
  <system-out/>
</testsuite> <!-- com.inetbanking.testcases.LoginPageTest -->
